<?xml version="1.0" encoding="UTF-8"?>
<!-- Generated by org.testng.reporters.JUnitReportReporter -->
<testsuite hostname="LAPTOP-1ATVOVSF" failures="0" tests="1" name="testcases.LoginPageTest" time="5.450" errors="0" timestamp="2021-07-06T11:14:20 IST" skipped="0">
  <testcase classname="testcases.LoginPageTest" name="lauchTest" time="5.450"/>
  <system-out/>
</testsuite> <!-- testcases.LoginPageTest -->
